0 info it worked if it ends with ok
1 verbose cli [ '/usr/local/Cellar/node/0.10.25/bin/node',
1 verbose cli   '/usr/local/bin/npm',
1 verbose cli   'install',
1 verbose cli   'grunt-contrib-imageoptim',
1 verbose cli   '--save-dev' ]
2 info using npm@1.3.24
3 info using node@v0.10.25
4 warn package.json dewolfpackof2@0.1.0 No description
5 warn package.json dewolfpackof2@0.1.0 No repository field.
6 warn package.json dewolfpackof2@0.1.0 No README data
7 verbose readDependencies using package.json deps
8 verbose cache add [ 'grunt-contrib-imageoptim', null ]
9 verbose cache add name=undefined spec="grunt-contrib-imageoptim" args=["grunt-contrib-imageoptim",null]
10 verbose parsed url { protocol: null,
10 verbose parsed url   slashes: null,
10 verbose parsed url   auth: null,
10 verbose parsed url   host: null,
10 verbose parsed url   port: null,
10 verbose parsed url   hostname: null,
10 verbose parsed url   hash: null,
10 verbose parsed url   search: null,
10 verbose parsed url   query: null,
10 verbose parsed url   pathname: 'grunt-contrib-imageoptim',
10 verbose parsed url   path: 'grunt-contrib-imageoptim',
10 verbose parsed url   href: 'grunt-contrib-imageoptim' }
11 silly lockFile 1d544d9a-grunt-contrib-imageoptim grunt-contrib-imageoptim
12 verbose lock grunt-contrib-imageoptim /Users/johndewolf/.npm/1d544d9a-grunt-contrib-imageoptim.lock
13 silly lockFile 1d544d9a-grunt-contrib-imageoptim grunt-contrib-imageoptim
14 silly lockFile 1d544d9a-grunt-contrib-imageoptim grunt-contrib-imageoptim
15 verbose addNamed [ 'grunt-contrib-imageoptim', '' ]
16 verbose addNamed [ null, '*' ]
17 silly lockFile 609c1d1f-grunt-contrib-imageoptim grunt-contrib-imageoptim@
18 verbose lock grunt-contrib-imageoptim@ /Users/johndewolf/.npm/609c1d1f-grunt-contrib-imageoptim.lock
19 silly addNameRange { name: 'grunt-contrib-imageoptim', range: '*', hasData: false }
20 verbose url raw grunt-contrib-imageoptim
21 verbose url resolving [ 'https://registry.npmjs.org/', './grunt-contrib-imageoptim' ]
22 verbose url resolved https://registry.npmjs.org/grunt-contrib-imageoptim
23 info trying registry request attempt 1 at 12:47:13
24 http GET https://registry.npmjs.org/grunt-contrib-imageoptim
25 http 404 https://registry.npmjs.org/grunt-contrib-imageoptim
26 silly registry.get cb [ 404,
26 silly registry.get   { 'content-type': 'application/json',
26 silly registry.get     'cache-control': 'max-age=0',
26 silly registry.get     'content-length': '2',
26 silly registry.get     'accept-ranges': 'bytes',
26 silly registry.get     date: 'Fri, 29 Jan 2016 17:47:14 GMT',
26 silly registry.get     via: '1.1 varnish',
26 silly registry.get     age: '0',
26 silly registry.get     connection: 'keep-alive',
26 silly registry.get     'x-served-by': 'cache-atl6221-ATL',
26 silly registry.get     'x-cache': 'MISS',
26 silly registry.get     'x-cache-hits': '0',
26 silly registry.get     'x-timer': 'S1454089634.281630,VS0,VE87' } ]
27 silly addNameRange number 2 { name: 'grunt-contrib-imageoptim', range: '*', hasData: true }
28 silly addNameRange versions [ undefined, [] ]
29 error TypeError: Cannot read property 'latest' of undefined
29 error     at next (/usr/local/Cellar/node/0.10.25/lib/node_modules/npm/lib/cache.js:692:35)
29 error     at /usr/local/Cellar/node/0.10.25/lib/node_modules/npm/lib/cache.js:680:5
29 error     at saved (/usr/local/Cellar/node/0.10.25/lib/node_modules/npm/node_modules/npm-registry-client/lib/get.js:142:7)
29 error     at /usr/local/Cellar/node/0.10.25/lib/node_modules/npm/node_modules/graceful-fs/polyfills.js:133:7
29 error     at Object.oncomplete (fs.js:107:15)
30 error If you need help, you may report this *entire* log,
30 error including the npm and node versions, at:
30 error     <http://github.com/isaacs/npm/issues>
31 error System Darwin 13.4.0
32 error command "/usr/local/Cellar/node/0.10.25/bin/node" "/usr/local/bin/npm" "install" "grunt-contrib-imageoptim" "--save-dev"
33 error cwd /Users/johndewolf/Dropbox/rails_projects/dewolfpackof2
34 error node -v v0.10.25
35 error npm -v 1.3.24
36 error type non_object_property_load
37 verbose exit [ 1, true ]
